<?xml version="1.0" encoding="UTF-8"?>
<testng-results ignored="0" total="1" passed="1" failed="0" skipped="0">
  <reporter-output>
  </reporter-output>
  <suite started-at="2021-04-14T23:34:38 IST" name="Default suite" finished-at="2021-04-14T23:34:41 IST" duration-ms="2316">
    <groups>
    </groups>
    <test started-at="2021-04-14T23:34:38 IST" name="Default test" finished-at="2021-04-14T23:34:41 IST" duration-ms="2316">
      <class name="RestProject.TrainingProject.AppTest">
        <test-method signature="shouldAnswerWithTrue()[pri:0, instance:RestProject.TrainingProject.AppTest@152aa092]" started-at="2021-04-14T23:34:38 IST" name="shouldAnswerWithTrue" finished-at="2021-04-14T23:34:41 IST" duration-ms="2291" status="PASS">
          <reporter-output>
          </reporter-output>
        </test-method> <!-- shouldAnswerWithTrue -->
      </class> <!-- RestProject.TrainingProject.AppTest -->
    </test> <!-- Default test -->
  </suite> <!-- Default suite -->
</testng-results>
